Atomic and residue contact lists

Input PDB file                :: output/12as.parsed
Receptor Chain(s)             :: A
Ligand Chain(s)               :: B
Contact output                :: output/12asAB_con.lst
Contact distance cutoff       :: 4.50   A
Secondary structure flag      :: 1     
Total atomic contacts found   :: 428
Total interacting residues    :: 90

Total residue-residue contacts found  :: 93
 ResIndex  NumCont Contact_Residues (starts 1 from the first interface residue)
RES     1   5   74   75   73   56   72
RES     2   1   54
RES     3   3   55   56   57
RES     4   1   54
RES     5   1   57
RES     6   2   55   57
RES     7   1   57
RES     8   3   50   48   49
RES     9   2   49   52
RES    10   2   49   47
RES    11   5   49   85   90   51   53
RES    12   1   86
RES    13   1   86
RES    14   2   77   84
RES    15   2   87   77
RES    16   3   63   64   65
RES    17   2   63   64
RES    18   2   63   77
RES    19   1   78
RES    20   3   78   83   87
RES    21   4   78   79   80   81
RES    22   4   78   80   81   82
RES    23   4   82   88   89   87
RES    24   1   87
RES    25   1   77
RES    26   1   47
RES    27   1   47
RES    28   1   47
RES    29   1   47
RES    30   1   76
RES    31   1   76
RES    32   2   60   61
RES    33   3   66   68   67
RES    34   1   68
RES    35   2   68   69
RES    36   2   68   69
RES    37   3   69   67   70
RES    38   2   61   67
RES    39   2   60   58
RES    40   1   57
RES    41   3   58   59   60
RES    42   4   70   71   61   67
RES    43   1   70
RES    44   1   70
RES    45   1   62
RES    46   2   57   72
RES    47   5   10   26   27   28   29
RES    48   1    8
RES    49   4    8    9   10   11
RES    50   1    8
RES    51   1   11
RES    52   1    9
RES    53   1   11
RES    54   2    2    4
RES    55   2    3    6
RES    56   2    1    3
RES    57   6    3    5    6    7   40   46
RES    58   2   39   41
RES    59   1   41
RES    60   3   32   39   41
RES    61   3   32   38   42
RES    62   1   45
RES    63   3   16   17   18
RES    64   2   16   17
RES    65   1   16
RES    66   1   33
RES    67   4   33   37   38   42
RES    68   4   33   34   35   36
RES    69   3   35   36   37
RES    70   4   37   42   43   44
RES    71   1   42
RES    72   2    1   46
RES    73   1    1
RES    74   1    1
RES    75   1    1
RES    76   2   30   31
RES    77   4   14   15   18   25
RES    78   4   19   20   21   22
RES    79   1   21
RES    80   2   21   22
RES    81   2   21   22
RES    82   2   22   23
RES    83   1   20
RES    84   1   14
RES    85   1   11
RES    86   2   12   13
RES    87   4   15   20   23   24
RES    88   1   23
RES    89   1   23
RES    90   1   11
