Atomic and residue contact lists

Input PDB file                :: output/1lyl.parsed
Receptor Chain(s)             :: A
Ligand Chain(s)               :: C
Contact output                :: output/1lylAC_con.lst
Contact distance cutoff       :: 4.50   A
Secondary structure flag      :: 1     
Total atomic contacts found   :: 1206
Total interacting residues    :: 194

Total residue-residue contacts found  :: 243
 ResIndex  NumCont Contact_Residues (starts 1 from the first interface residue)
RES     1   2  181  185
RES     2   1  181
RES     3   2  181  180
RES     4   2  176  177
RES     5   3  176  179  180
RES     6   1  190
RES     7   4  190  174  176  178
RES     8   1  172
RES     9   4  172  173  175  174
RES    10   2  172  161
RES    11   2  172  161
RES    12   2  172  161
RES    13   3  186  157  187
RES    14   1  161
RES    15   4  159  161  160  162
RES    16   1  186
RES    17   3  172  189  187
RES    18   2  190  172
RES    19   5  188  179  189  190  187
RES    20   2  185  186
RES    21   1  185
RES    22   3  185  186  183
RES    23   1  186
RES    24   1  182
RES    25   1  182
RES    26   7  155  158  157  184  182  186  183
RES    27   1  186
RES    28   3  158  160  156
RES    29   2  158  157
RES    30   1  160
RES    31   2  135  160
RES    32   2  135  160
RES    33   1  138
RES    34   2  135  136
RES    35   1  138
RES    36   2  134  136
RES    37   3  132  129  130
RES    38   2  132  134
RES    39   1  191
RES    40   5  191  165  131  133  171
RES    41   2  165  192
RES    42   3  165  170  192
RES    43   5  165  170  166  141  164
RES    44   4  170  166  144  153
RES    45   4  146  142  147  148
RES    46   3  146  145  147
RES    47   3  146  145  144
RES    48   3  145  144  167
RES    49   4  144  167  169  168
RES    50   1  167
RES    51   1  168
RES    52   1  193
RES    53   1  194
RES    54   3  153  142  146
RES    55   1  165
RES    56   1  192
RES    57   2  124  192
RES    58   3  192  191  126
RES    59   3  111  127  124
RES    60   4  124  126  127  128
RES    61   2  128  113
RES    62   6  113  126  128  130  129  191
RES    63   4  113  108  112  110
RES    64   1  165
RES    65   3  164  141  165
RES    66   6  141  138  139  164  140  163
RES    67   2  142  141
RES    68   3  147  149  148
RES    69   2  148  150
RES    70   1  150
RES    71   2  148  151
RES    72   1  148
RES    73   3  140  141  142
RES    74   1  138
RES    75   7  107  106  109  116  108  115  110
RES    76   1  107
RES    77   2  107  105
RES    78   1  107
RES    79   3  103  105  102
RES    80   1  102
RES    81   1  105
RES    82   2  103  117
RES    83   2  103  101
RES    84   4  101   99  100  119
RES    85   3  124  123  122
RES    86   2  124  120
RES    87   1  124
RES    88   4  119  120  118   99
RES    89   8  111  118  114  120  124  125  121  123
RES    90   2  111  117
RES    91   1  117
RES    92   2  115  117
RES    93   4  117  104  105  116
RES    94   4  138  137  156  160
RES    95   5  140  154  139  155  156
RES    96   2  151  152
RES    97   1  151
RES    98   2  143  152
RES    99   2   84   88
RES   100   1   84
RES   101   2   83   84
RES   102   2   79   80
RES   103   3   79   82   83
RES   104   1   93
RES   105   4   77   79   81   93
RES   106   1   75
RES   107   4   75   76   77   78
RES   108   2   63   75
RES   109   1   75
RES   110   2   63   75
RES   111   3   59   89   90
RES   112   1   63
RES   113   3   61   62   63
RES   114   1   89
RES   115   2   75   92
RES   116   2   75   93
RES   117   5   82   90   91   92   93
RES   118   2   88   89
RES   119   2   84   88
RES   120   3   86   88   89
RES   121   1   89
RES   122   1   85
RES   123   2   85   89
RES   124   7   57   59   60   85   86   87   89
RES   125   1   89
RES   126   3   58   60   62
RES   127   2   59   60
RES   128   3   60   61   62
RES   129   2   37   62
RES   130   2   37   62
RES   131   1   40
RES   132   2   37   38
RES   133   1   40
RES   134   2   36   38
RES   135   3   31   32   34
RES   136   2   34   36
RES   137   1   94
RES   138   5   33   35   66   74   94
RES   139   2   66   95
RES   140   3   66   73   95
RES   141   5   43   65   66   67   73
RES   142   4   45   54   67   73
RES   143   1   98
RES   144   4   44   47   48   49
RES   145   3   46   47   48
RES   146   4   45   46   47   54
RES   147   3   45   46   68
RES   148   5   45   68   69   71   72
RES   149   1   68
RES   150   2   69   70
RES   151   3   71   96   97
RES   152   2   96   98
RES   153   2   44   54
RES   154   1   95
RES   155   2   26   95
RES   156   3   28   94   95
RES   157   3   13   26   29
RES   158   3   26   28   29
RES   159   1   15
RES   160   6   15   28   30   31   32   94
RES   161   5   10   11   12   14   15
RES   162   1   15
RES   163   1   66
RES   164   3   43   65   66
RES   165   7   40   41   42   43   55   64   65
RES   166   2   43   44
RES   167   3   48   49   50
RES   168   2   49   51
RES   169   1   49
RES   170   3   42   43   44
RES   171   1   40
RES   172   7    8    9   10   11   12   17   18
RES   173   1    9
RES   174   2    7    9
RES   175   1    9
RES   176   3    4    5    7
RES   177   1    4
RES   178   1    7
RES   179   2    5   19
RES   180   2    3    5
RES   181   3    1    2    3
RES   182   3   24   25   26
RES   183   2   22   26
RES   184   1   26
RES   185   4    1   20   21   22
RES   186   7   13   16   20   22   23   26   27
RES   187   3   13   17   19
RES   188   1   19
RES   189   2   17   19
RES   190   4    6    7   18   19
RES   191   4   39   40   58   62
RES   192   5   41   42   56   57   58
RES   193   1   52
RES   194   1   53
